<?xml version="1.0" encoding="UTF-8"?>
<!-- Generated by org.testng.reporters.JUnitXMLReporter -->
<testsuite ignored="0" hostname="Haripriya" failures="0" tests="5" name="Default test" time="0.052" errors="0" timestamp="2024-11-10T20:01:57 EST">
  <testcase classname="TestSuite1.Module1" name="login" time="0.007"/>
  <testcase classname="TestSuite1.Module1" name="login" time="0.001"/>
  <testcase classname="TestSuite1.Module1" name="test001" time="0.001"/>
  <testcase classname="TestSuite1.Module1" name="test002" time="0.001"/>
  <testcase classname="TestSuite1.Module1" name="test003" time="0.001"/>
</testsuite> <!-- Default test -->
